This file contains any messages produced by compilers while
running configure, to aid debugging if configure makes a mistake.

It was created by gsl configure 2.7.1, which was
generated by GNU Autoconf 2.71.  Invocation command line was

  $ ./configure

## --------- ##
## Platform. ##
## --------- ##

hostname = alexis-B450M-DS3H
uname -m = x86_64
uname -r = 5.13.0-44-generic
uname -s = Linux
uname -v = #49~20.04.1-Ubuntu SMP Wed May 18 18:44:28 UTC 2022

/usr/bin/uname -p = x86_64
/bin/uname -X     = unknown

/bin/arch              = x86_64
/usr/bin/arch -k       = unknown
/usr/convex/getsysinfo = unknown
/usr/bin/hostinfo      = unknown
/bin/machine           = unknown
/usr/bin/oslevel       = unknown
/bin/universe          = unknown

PATH: /home/alexis/emsdk/upstream/emscripten/cache/sysroot/bin/
PATH: /home/alexis/emsdk/
PATH: /home/alexis/emsdk/upstream/emscripten/
PATH: /home/alexis/emsdk/node/14.18.2_64bit/bin/
PATH: /home/alexis/.nvm/versions/node/v16.14.2/bin/
PATH: /home/alexis/anaconda3/bin/
PATH: /home/alexis/anaconda3/condabin/
PATH: /home/alexis/.jdks/openjdk-17/bin/
PATH: /usr/local/sbin/
PATH: /usr/local/bin/
PATH: /usr/sbin/
PATH: /usr/bin/
PATH: /sbin/
PATH: /bin/
PATH: /usr/games/
PATH: /usr/local/games/
PATH: /snap/bin/
PATH: /home/alexis/.cache/coursier/jvm/adopt@1.8.0-275/bin/
PATH: /home/alexis/.local/share/coursier/bin/


## ----------- ##
## Core tests. ##
## ----------- ##

configure:2575: looking for aux files: ltmain.sh compile config.guess config.sub missing install-sh
configure:2588:  trying ./
configure:2617:   ./ltmain.sh found
configure:2617:   ./compile found
configure:2617:   ./config.guess found
configure:2617:   ./config.sub found
configure:2617:   ./missing found
configure:2599:   ./install-sh found
configure:2748: checking for a BSD-compatible install
configure:2821: result: /usr/bin/install -c
configure:2832: checking whether build environment is sane
configure:2887: result: yes
configure:3044: checking for a race-free mkdir -p
configure:3088: result: /usr/bin/mkdir -p
configure:3095: checking for gawk
configure:3130: result: no
configure:3095: checking for mawk
configure:3116: found /usr/bin/mawk
configure:3127: result: mawk
configure:3138: checking whether make sets $(MAKE)
configure:3161: result: yes
configure:3191: checking whether make supports nested variables
configure:3209: result: yes
configure:3334: checking whether to enable maintainer-specific portions of Makefiles
configure:3344: result: no
configure:3382: checking for a sed that does not truncate output
configure:3452: result: /usr/bin/sed
configure:3464: checking whether make sets $(MAKE)
configure:3487: result: yes
configure:3503: checking build system type
configure:3518: result: x86_64-unknown-linux-gnu
configure:3538: checking host system type
configure:3552: result: x86_64-unknown-linux-gnu
configure:3641: checking for gcc
configure:3673: result: /home/alexis/emsdk/upstream/emscripten/emcc
configure:4026: checking for C compiler version
configure:4035: /home/alexis/emsdk/upstream/emscripten/emcc --version >&5
emcc (Emscripten gcc/clang-like replacement + linker emulating GNU ld) 3.1.8 (3ff7eff373d31d8c0179895165462019221f192e)
Copyright (C) 2014 the Emscripten authors (see AUTHORS.txt)
This is free and open source software under the MIT license.
There is NO warranty; not even for MERCHANTABILITY or FITNESS FOR A PARTICULAR PURPOSE.

configure:4046: $? = 0
configure:4035: /home/alexis/emsdk/upstream/emscripten/emcc -v >&5
emcc (Emscripten gcc/clang-like replacement + linker emulating GNU ld) 3.1.8 (3ff7eff373d31d8c0179895165462019221f192e)
clang version 15.0.0 (https://github.com/llvm/llvm-project 80ec0ebfdc5692a58e0832125f2c6a991df9d63f)
Target: wasm32-unknown-emscripten
Thread model: posix
InstalledDir: /home/alexis/emsdk/upstream/bin
configure:4046: $? = 0
configure:4035: /home/alexis/emsdk/upstream/emscripten/emcc -V >&5
emcc: error: no input files
configure:4046: $? = 1
configure:4035: /home/alexis/emsdk/upstream/emscripten/emcc -qversion >&5
emcc: error: no input files
configure:4046: $? = 1
configure:4035: /home/alexis/emsdk/upstream/emscripten/emcc -version >&5
emcc: error: no input files
configure:4046: $? = 1
configure:4066: checking whether the C compiler works
configure:4088: /home/alexis/emsdk/upstream/emscripten/emcc    conftest.c  >&5
configure:4092: $? = 0
configure:4142: result: yes
configure:4145: checking for C compiler default output file name
configure:4147: result: a.out
configure:4153: checking for suffix of executables
configure:4160: /home/alexis/emsdk/upstream/emscripten/emcc -o conftest    conftest.c  >&5
configure:4164: $? = 0
configure:4187: result: 
configure:4209: checking whether we are cross compiling
configure:4217: /home/alexis/emsdk/upstream/emscripten/emcc -o conftest    conftest.c  >&5
configure:4221: $? = 0
configure:4228: ./conftest
configure:4232: $? = 0
configure:4220: result: no
configure:4225: checking for suffix of object files
configure:4248: /home/alexis/emsdk/upstream/emscripten/emcc -c   conftest.c >&5
configure:4252: $? = 0
configure:4274: result: o
configure:4278: checking whether the compiler supports GNU C
configure:4298: /home/alexis/emsdk/upstream/emscripten/emcc -c   conftest.c >&5
configure:4298: $? = 0
configure:4308: result: yes
configure:4319: checking whether /home/alexis/emsdk/upstream/emscripten/emcc accepts -g
configure:4340: /home/alexis/emsdk/upstream/emscripten/emcc -c -g  conftest.c >&5
configure:4340: $? = 0
configure:4384: result: yes
configure:4404: checking for /home/alexis/emsdk/upstream/emscripten/emcc option to enable C11 features
configure:4419: /home/alexis/emsdk/upstream/emscripten/emcc  -c -g -O2  conftest.c >&5
configure:4419: $? = 0
configure:4437: result: none needed
configure:4553: checking whether /home/alexis/emsdk/upstream/emscripten/emcc understands -c and -o together
configure:4576: /home/alexis/emsdk/upstream/emscripten/emcc -c conftest.c -o conftest2.o
configure:4579: $? = 0
configure:4576: /home/alexis/emsdk/upstream/emscripten/emcc -c conftest.c -o conftest2.o
configure:4579: $? = 0
configure:4591: result: yes
configure:4611: checking whether make supports the include directive
configure:4626: make -f confmf.GNU && cat confinc.out
this is the am__doit target
configure:4629: $? = 0
configure:4648: result: yes (GNU style)
configure:4674: checking dependency style of /home/alexis/emsdk/upstream/emscripten/emcc
configure:4786: result: gcc3
configure:4806: checking how to run the C preprocessor
configure:4832: /home/alexis/emsdk/upstream/emscripten/emcc -E  conftest.c
configure:4832: $? = 0
configure:4847: /home/alexis/emsdk/upstream/emscripten/emcc -E  conftest.c
conftest.c:12:10: fatal error: 'ac_nonexistent.h' file not found
#include <ac_nonexistent.h>
         ^~~~~~~~~~~~~~~~~~
1 error generated.
emcc: error: '/home/alexis/emsdk/upstream/bin/clang -target wasm32-unknown-emscripten -DEMSCRIPTEN -D__EMSCRIPTEN_major__=3 -D__EMSCRIPTEN_minor__=1 -D__EMSCRIPTEN_tiny__=8 -fignore-exceptions -fvisibility=default -mllvm -combiner-global-alias-analysis=false -mllvm -enable-emscripten-sjlj -mllvm -disable-lsr -Werror=implicit-function-declaration -Xclang -iwithsysroot/include/SDL --sysroot=/home/alexis/emsdk/upstream/emscripten/cache/sysroot -Xclang -iwithsysroot/include/compat -E conftest.c' failed (returned 1)
configure:4847: $? = 1
configure: failed program was:
| /* confdefs.h */
| #define PACKAGE_NAME "gsl"
| #define PACKAGE_TARNAME "gsl"
| #define PACKAGE_VERSION "2.7.1"
| #define PACKAGE_STRING "gsl 2.7.1"
| #define PACKAGE_BUGREPORT ""
| #define PACKAGE_URL ""
| #define PACKAGE "gsl"
| #define VERSION "2.7.1"
| #define RELEASED /**/
| /* end confdefs.h.  */
| #include <ac_nonexistent.h>
configure:4874: result: /home/alexis/emsdk/upstream/emscripten/emcc -E
configure:4888: /home/alexis/emsdk/upstream/emscripten/emcc -E  conftest.c
configure:4888: $? = 0
configure:4903: /home/alexis/emsdk/upstream/emscripten/emcc -E  conftest.c
conftest.c:12:10: fatal error: 'ac_nonexistent.h' file not found
#include <ac_nonexistent.h>
         ^~~~~~~~~~~~~~~~~~
1 error generated.
emcc: error: '/home/alexis/emsdk/upstream/bin/clang -target wasm32-unknown-emscripten -DEMSCRIPTEN -D__EMSCRIPTEN_major__=3 -D__EMSCRIPTEN_minor__=1 -D__EMSCRIPTEN_tiny__=8 -fignore-exceptions -fvisibility=default -mllvm -combiner-global-alias-analysis=false -mllvm -enable-emscripten-sjlj -mllvm -disable-lsr -Werror=implicit-function-declaration -Xclang -iwithsysroot/include/SDL --sysroot=/home/alexis/emsdk/upstream/emscripten/cache/sysroot -Xclang -iwithsysroot/include/compat -E conftest.c' failed (returned 1)
configure:4903: $? = 1
configure: failed program was:
| /* confdefs.h */
| #define PACKAGE_NAME "gsl"
| #define PACKAGE_TARNAME "gsl"
| #define PACKAGE_VERSION "2.7.1"
| #define PACKAGE_STRING "gsl 2.7.1"
| #define PACKAGE_BUGREPORT ""
| #define PACKAGE_URL ""
| #define PACKAGE "gsl"
| #define VERSION "2.7.1"
| #define RELEASED /**/
| /* end confdefs.h.  */
| #include <ac_nonexistent.h>
configure:4934: checking whether ln -s works
configure:4938: result: yes
configure:4992: checking how to print strings
configure:5019: result: printf
configure:5040: checking for a sed that does not truncate output
configure:5110: result: /usr/bin/sed
configure:5128: checking for grep that handles long lines and -e
configure:5192: result: /usr/bin/grep
configure:5197: checking for egrep
configure:5265: result: /usr/bin/grep -E
configure:5270: checking for fgrep
configure:5338: result: /usr/bin/grep -F
configure:5374: checking for ld used by /home/alexis/emsdk/upstream/emscripten/emcc
emcc: error: no input files
configure:5442: result: /home/alexis/emsdk/upstream/emscripten/emcc
configure:5449: checking if the linker (/home/alexis/emsdk/upstream/emscripten/emcc) is GNU ld
configure:5465: result: yes
configure:5477: checking for BSD- or MS-compatible name lister (nm)
configure:5532: result: /home/alexis/emsdk/upstream/bin/llvm-nm
configure:5672: checking the name lister (/home/alexis/emsdk/upstream/bin/llvm-nm) interface
configure:5680: /home/alexis/emsdk/upstream/emscripten/emcc -c -g -O2  conftest.c >&5
configure:5683: /home/alexis/emsdk/upstream/bin/llvm-nm "conftest.o"
configure:5686: output
00000000 d .debug_abbrev
00000000 d .debug_line
00000000 d .debug_str
00000000 D some_variable
configure:5687: result: BSD nm
configure:5691: checking the maximum length of command line arguments
configure:5823: result: 1572864
configure:5871: checking how to convert x86_64-unknown-linux-gnu file names to x86_64-unknown-linux-gnu format
configure:5912: result: func_convert_file_noop
configure:5919: checking how to convert x86_64-unknown-linux-gnu file names to toolchain format
configure:5940: result: func_convert_file_noop
configure:5947: checking for /home/alexis/emsdk/upstream/emscripten/emcc option to reload object files
configure:5955: result: -r
configure:6034: checking for objdump
configure:6055: found /usr/bin/objdump
configure:6066: result: objdump
configure:6095: checking how to recognize dependent libraries
configure:6296: result: pass_all
configure:6386: checking for dlltool
configure:6421: result: no
configure:6448: checking how to associate runtime and link libraries
configure:6476: result: printf %s\n
configure:6611: checking for archiver @FILE support
configure:6629: /home/alexis/emsdk/upstream/emscripten/emcc -c -g -O2  conftest.c >&5
configure:6629: $? = 0
configure:6633: /home/alexis/emsdk/upstream/emscripten/emar cru libconftest.a @conftest.lst >&5
configure:6636: $? = 0
configure:6641: /home/alexis/emsdk/upstream/emscripten/emar cru libconftest.a @conftest.lst >&5
/home/alexis/emsdk/upstream/bin/llvm-ar: error: conftest.o: No such file or directory
configure:6644: $? = 1
configure:6643: result: @
configure:6706: checking for strip
configure:6727: found /usr/bin/strip
configure:6738: result: strip
configure:6815: checking for ranlib
configure:6847: result: /home/alexis/emsdk/upstream/emscripten/emranlib
configure:6949: checking command to parse /home/alexis/emsdk/upstream/bin/llvm-nm output from /home/alexis/emsdk/upstream/emscripten/emcc object
configure:7103: /home/alexis/emsdk/upstream/emscripten/emcc -c -g -O2  conftest.c >&5
configure:7106: $? = 0
configure:7110: /home/alexis/emsdk/upstream/bin/llvm-nm conftest.o \| sed -n -e 's/^.*[ ]\([ABCDGIRSTW][ABCDGIRSTW]*\)[ ][ ]*\([_A-Za-z][_A-Za-z0-9]*\)$/\1 \2 \2/p' | sed '/ __gnu_lto/d' \> conftest.nm
configure:7113: $? = 0
configure:7179: /home/alexis/emsdk/upstream/emscripten/emcc -o conftest -g -O2   conftest.c conftstm.o >&5
emcc: warning: running limited binaryen optimizations because DWARF info requested (or indirectly required) [-Wlimited-postlink-optimizations]
configure:7182: $? = 0
configure:7220: result: ok
configure:7267: checking for sysroot
configure:7298: result: no
configure:7305: checking for a working dd
configure:7349: result: /usr/bin/dd
configure:7353: checking how to truncate binary pipes
configure:7369: result: /usr/bin/dd bs=4096 count=1
configure:7506: /home/alexis/emsdk/upstream/emscripten/emcc -c -g -O2  conftest.c >&5
configure:7509: $? = 0
configure:7706: checking for mt
configure:7727: found /usr/bin/mt
configure:7738: result: mt
configure:7761: checking if mt is a manifest tool
configure:7768: mt '-?'
configure:7776: result: no
configure:8506: checking for stdio.h
configure:8506: /home/alexis/emsdk/upstream/emscripten/emcc -c -g -O2  conftest.c >&5
configure:8506: $? = 0
configure:8506: result: yes
configure:8506: checking for stdlib.h
configure:8506: /home/alexis/emsdk/upstream/emscripten/emcc -c -g -O2  conftest.c >&5
configure:8506: $? = 0
configure:8506: result: yes
configure:8506: checking for string.h
configure:8506: /home/alexis/emsdk/upstream/emscripten/emcc -c -g -O2  conftest.c >&5
configure:8506: $? = 0
configure:8506: result: yes
configure:8506: checking for inttypes.h
configure:8506: /home/alexis/emsdk/upstream/emscripten/emcc -c -g -O2  conftest.c >&5
configure:8506: $? = 0
configure:8506: result: yes
configure:8506: checking for stdint.h
configure:8506: /home/alexis/emsdk/upstream/emscripten/emcc -c -g -O2  conftest.c >&5
configure:8506: $? = 0
configure:8506: result: yes
configure:8506: checking for strings.h
configure:8506: /home/alexis/emsdk/upstream/emscripten/emcc -c -g -O2  conftest.c >&5
configure:8506: $? = 0
configure:8506: result: yes
configure:8506: checking for sys/stat.h
configure:8506: /home/alexis/emsdk/upstream/emscripten/emcc -c -g -O2  conftest.c >&5
configure:8506: $? = 0
configure:8506: result: yes
configure:8506: checking for sys/types.h
configure:8506: /home/alexis/emsdk/upstream/emscripten/emcc -c -g -O2  conftest.c >&5
configure:8506: $? = 0
configure:8506: result: yes
configure:8506: checking for unistd.h
configure:8506: /home/alexis/emsdk/upstream/emscripten/emcc -c -g -O2  conftest.c >&5
configure:8506: $? = 0
configure:8506: result: yes
configure:8531: checking for dlfcn.h
configure:8531: /home/alexis/emsdk/upstream/emscripten/emcc -c -g -O2  conftest.c >&5
configure:8531: $? = 0
configure:8531: result: yes
configure:9118: checking for objdir
configure:9134: result: .libs
configure:9394: checking if /home/alexis/emsdk/upstream/emscripten/emcc supports -fno-rtti -fno-exceptions
configure:9413: /home/alexis/emsdk/upstream/emscripten/emcc -c -g -O2  -fno-rtti -fno-exceptions conftest.c >&5
configure:9417: $? = 0
configure:9430: result: yes
configure:9788: checking for /home/alexis/emsdk/upstream/emscripten/emcc option to produce PIC
configure:9796: result: -fPIC -DPIC
configure:9804: checking if /home/alexis/emsdk/upstream/emscripten/emcc PIC flag -fPIC -DPIC works
configure:9823: /home/alexis/emsdk/upstream/emscripten/emcc -c -g -O2  -fPIC -DPIC -DPIC conftest.c >&5
configure:9827: $? = 0
configure:9840: result: yes
configure:9869: checking if /home/alexis/emsdk/upstream/emscripten/emcc static flag -static works
emcc: warning: running limited binaryen optimizations because DWARF info requested (or indirectly required) [-Wlimited-postlink-optimizations]
configure:9898: result: yes
configure:9913: checking if /home/alexis/emsdk/upstream/emscripten/emcc supports -c -o file.o
configure:9935: /home/alexis/emsdk/upstream/emscripten/emcc -c -g -O2  -o out/conftest2.o conftest.c >&5
configure:9939: $? = 0
configure:9961: result: yes
configure:9969: checking if /home/alexis/emsdk/upstream/emscripten/emcc supports -c -o file.o
configure:10017: result: yes
configure:10050: checking whether the /home/alexis/emsdk/upstream/emscripten/emcc linker (/home/alexis/emsdk/upstream/emscripten/emcc) supports shared libraries
configure:11316: result: yes
configure:11353: checking whether -lc should be explicitly linked in
configure:11362: /home/alexis/emsdk/upstream/emscripten/emcc -c -g -O2  conftest.c >&5
configure:11365: $? = 0
configure:11380: /home/alexis/emsdk/upstream/emscripten/emcc -shared  -fPIC -DPIC conftest.o  -v -Wl,-soname -Wl,conftest -o conftest 2\>\&1 \| /usr/bin/grep  -lc  \>/dev/null 2\>\&1
configure:11383: $? = 1
configure:11397: result: yes
configure:11557: checking dynamic linker characteristics
configure:12139: /home/alexis/emsdk/upstream/emscripten/emcc -o conftest -g -O2   -Wl,-rpath -Wl,/foo conftest.c  >&5
emcc: warning: ignoring unsupported linker flag: `-rpath` [-Wlinkflags]
emcc: warning: running limited binaryen optimizations because DWARF info requested (or indirectly required) [-Wlimited-postlink-optimizations]
configure:12139: $? = 0
configure:12378: result: GNU/Linux ld.so
configure:12500: checking how to hardcode library paths into programs
configure:12525: result: immediate
configure:13077: checking whether stripping libraries is possible
configure:13082: result: yes
configure:13117: checking if libtool supports shared libraries
configure:13119: result: yes
configure:13122: checking whether to build shared libraries
configure:13147: result: yes
configure:13150: checking whether to build static libraries
configure:13154: result: yes
configure:9968: checking for size_t
configure:9968: /home/alexis/emsdk/upstream/emscripten/emcc -c -g -O2  conftest.c >&5
configure:9968: $? = 0
configure:9968: /home/alexis/emsdk/upstream/emscripten/emcc -c -g -O2  conftest.c >&5
conftest.c:55:21: error: expected expression
if (sizeof ((size_t)))
                    ^
1 error generated.
emcc: error: '/home/alexis/emsdk/upstream/bin/clang -target wasm32-unknown-emscripten -DEMSCRIPTEN -D__EMSCRIPTEN_major__=3 -D__EMSCRIPTEN_minor__=1 -D__EMSCRIPTEN_tiny__=8 -fignore-exceptions -fvisibility=default -mllvm -combiner-global-alias-analysis=false -mllvm -enable-emscripten-sjlj -mllvm -disable-lsr -Werror=implicit-function-declaration -Xclang -iwithsysroot/include/SDL --sysroot=/home/alexis/emsdk/upstream/emscripten/cache/sysroot -Xclang -iwithsysroot/include/compat -c -g -O2 conftest.c -o conftest.o' failed (returned 1)
configure:9968: $? = 1
configure: failed program was:
| /* confdefs.h */
| #define PACKAGE_NAME "gsl"
| #define PACKAGE_TARNAME "gsl"
| #define PACKAGE_VERSION "2.7.1"
| #define PACKAGE_STRING "gsl 2.7.1"
| #define PACKAGE_BUGREPORT ""
| #define PACKAGE_URL ""
| #define PACKAGE "gsl"
| #define VERSION "2.7.1"
| #define RELEASED /**/
| #define HAVE_STDIO_H 1
| #define HAVE_STDLIB_H 1
| #define HAVE_STRING_H 1
| #define HAVE_INTTYPES_H 1
| #define HAVE_STDINT_H 1
| #define HAVE_STRINGS_H 1
| #define HAVE_SYS_STAT_H 1
| #define HAVE_SYS_TYPES_H 1
| #define HAVE_UNISTD_H 1
| #define STDC_HEADERS 1
| #define HAVE_DLFCN_H 1
| #define LT_OBJDIR ".libs/"
| /* end confdefs.h.  */
| #include <stddef.h>
| #ifdef HAVE_STDIO_H
| # include <stdio.h>
| #endif
| #ifdef HAVE_STDLIB_H
| # include <stdlib.h>
| #endif
| #ifdef HAVE_STRING_H
| # include <string.h>
| #endif
| #ifdef HAVE_INTTYPES_H
| # include <inttypes.h>
| #endif
| #ifdef HAVE_STDINT_H
| # include <stdint.h>
| #endif
| #ifdef HAVE_STRINGS_H
| # include <strings.h>
| #endif
| #ifdef HAVE_SYS_TYPES_H
| # include <sys/types.h>
| #endif
| #ifdef HAVE_SYS_STAT_H
| # include <sys/stat.h>
| #endif
| #ifdef HAVE_UNISTD_H
| # include <unistd.h>
| #endif
| int
| main (void)
| {
| if (sizeof ((size_t)))
| 	    return 0;
|   ;
|   return 0;
| }
configure:9968: result: yes
configure:9978: checking for working volatile
configure:9998: /home/alexis/emsdk/upstream/emscripten/emcc -c -g -O2  conftest.c >&5
configure:9998: $? = 0
configure:10006: result: yes
configure:10014: checking for inline
configure:10031: /home/alexis/emsdk/upstream/emscripten/emcc -c -g -O2  conftest.c >&5
configure:10031: $? = 0
configure:10040: result: inline
configure:10058: checking whether char is unsigned
configure:10078: /home/alexis/emsdk/upstream/emscripten/emcc -c -g -O2  conftest.c >&5
configure:10078: $? = 0
configure:10086: result: no
configure:10184: checking for cos in -lm
configure:10207: /home/alexis/emsdk/upstream/emscripten/emcc -o conftest -g -O2   conftest.c -lm   >&5
conftest.c:28:6: warning: incompatible redeclaration of library function 'cos' [-Wincompatible-library-redeclaration]
char cos ();
     ^
conftest.c:28:6: note: 'cos' is a builtin with type 'double (double)'
1 warning generated.
wasm-ld: warning: function signature mismatch: cos
>>> defined as () -> i32 in /tmp/emscripten_temp_r_tlnd7q/conftest_0.o
>>> defined as (f64) -> f64 in /home/alexis/emsdk/upstream/emscripten/cache/sysroot/lib/wasm32-emscripten/libc.a(cos.o)
emcc: warning: running limited binaryen optimizations because DWARF info requested (or indirectly required) [-Wlimited-postlink-optimizations]
configure:10207: $? = 0
configure:10217: result: yes
configure:10235: checking for GNU-style extern inline
configure:10255: /home/alexis/emsdk/upstream/emscripten/emcc -c -g -O2  conftest.c >&5
conftest.c:26:11: error: redefinition of a 'extern inline' function 'foo' is not supported in C99 mode
   double foo (double x) { return x + 1.0 ; };
          ^
conftest.c:25:25: note: previous definition is here
   extern inline double foo(double x) { return x + 1.0 ; } ;
                        ^
1 error generated.
emcc: error: '/home/alexis/emsdk/upstream/bin/clang -target wasm32-unknown-emscripten -DEMSCRIPTEN -D__EMSCRIPTEN_major__=3 -D__EMSCRIPTEN_minor__=1 -D__EMSCRIPTEN_tiny__=8 -fignore-exceptions -fvisibility=default -mllvm -combiner-global-alias-analysis=false -mllvm -enable-emscripten-sjlj -mllvm -disable-lsr -Werror=implicit-function-declaration -Xclang -iwithsysroot/include/SDL --sysroot=/home/alexis/emsdk/upstream/emscripten/cache/sysroot -Xclang -iwithsysroot/include/compat -c -g -O2 conftest.c -o conftest.o' failed (returned 1)
configure:10255: $? = 1
configure: failed program was:
| /* confdefs.h */
| #define PACKAGE_NAME "gsl"
| #define PACKAGE_TARNAME "gsl"
| #define PACKAGE_VERSION "2.7.1"
| #define PACKAGE_STRING "gsl 2.7.1"
| #define PACKAGE_BUGREPORT ""
| #define PACKAGE_URL ""
| #define PACKAGE "gsl"
| #define VERSION "2.7.1"
| #define RELEASED /**/
| #define HAVE_STDIO_H 1
| #define HAVE_STDLIB_H 1
| #define HAVE_STRING_H 1
| #define HAVE_INTTYPES_H 1
| #define HAVE_STDINT_H 1
| #define HAVE_STRINGS_H 1
| #define HAVE_SYS_STAT_H 1
| #define HAVE_SYS_TYPES_H 1
| #define HAVE_UNISTD_H 1
| #define STDC_HEADERS 1
| #define HAVE_DLFCN_H 1
| #define LT_OBJDIR ".libs/"
| /* end confdefs.h.  */
| extern inline double foo(double x);
|    extern inline double foo(double x) { return x + 1.0 ; } ;
|    double foo (double x) { return x + 1.0 ; };
| int
| main (void)
| {
|   foo(1.0)
|   ;
|   return 0;
| }
configure:10262: result: no
configure:10270: checking for C99-style inline
configure:10288: /home/alexis/emsdk/upstream/emscripten/emcc -c -g -O2  conftest.c >&5
configure:10288: $? = 0
configure:10305: /home/alexis/emsdk/upstream/emscripten/emcc -c -g -O2  conftest.c >&5
configure:10305: $? = 0
configure:10315: result: yes
configure:10328: checking for ieeefp.h
configure:10328: /home/alexis/emsdk/upstream/emscripten/emcc -c -g -O2  conftest.c >&5
conftest.c:54:10: fatal error: 'ieeefp.h' file not found
#include <ieeefp.h>
         ^~~~~~~~~~
1 error generated.
emcc: error: '/home/alexis/emsdk/upstream/bin/clang -target wasm32-unknown-emscripten -DEMSCRIPTEN -D__EMSCRIPTEN_major__=3 -D__EMSCRIPTEN_minor__=1 -D__EMSCRIPTEN_tiny__=8 -fignore-exceptions -fvisibility=default -mllvm -combiner-global-alias-analysis=false -mllvm -enable-emscripten-sjlj -mllvm -disable-lsr -Werror=implicit-function-declaration -Xclang -iwithsysroot/include/SDL --sysroot=/home/alexis/emsdk/upstream/emscripten/cache/sysroot -Xclang -iwithsysroot/include/compat -c -g -O2 conftest.c -o conftest.o' failed (returned 1)
configure:10328: $? = 1
configure: failed program was:
| /* confdefs.h */
| #define PACKAGE_NAME "gsl"
| #define PACKAGE_TARNAME "gsl"
| #define PACKAGE_VERSION "2.7.1"
| #define PACKAGE_STRING "gsl 2.7.1"
| #define PACKAGE_BUGREPORT ""
| #define PACKAGE_URL ""
| #define PACKAGE "gsl"
| #define VERSION "2.7.1"
| #define RELEASED /**/
| #define HAVE_STDIO_H 1
| #define HAVE_STDLIB_H 1
| #define HAVE_STRING_H 1
| #define HAVE_INTTYPES_H 1
| #define HAVE_STDINT_H 1
| #define HAVE_STRINGS_H 1
| #define HAVE_SYS_STAT_H 1
| #define HAVE_SYS_TYPES_H 1
| #define HAVE_UNISTD_H 1
| #define STDC_HEADERS 1
| #define HAVE_DLFCN_H 1
| #define LT_OBJDIR ".libs/"
| #define HAVE_INLINE 1
| #define HAVE_C99_INLINE 1
| /* end confdefs.h.  */
| #include <stddef.h>
| #ifdef HAVE_STDIO_H
| # include <stdio.h>
| #endif
| #ifdef HAVE_STDLIB_H
| # include <stdlib.h>
| #endif
| #ifdef HAVE_STRING_H
| # include <string.h>
| #endif
| #ifdef HAVE_INTTYPES_H
| # include <inttypes.h>
| #endif
| #ifdef HAVE_STDINT_H
| # include <stdint.h>
| #endif
| #ifdef HAVE_STRINGS_H
| # include <strings.h>
| #endif
| #ifdef HAVE_SYS_TYPES_H
| # include <sys/types.h>
| #endif
| #ifdef HAVE_SYS_STAT_H
| # include <sys/stat.h>
| #endif
| #ifdef HAVE_UNISTD_H
| # include <unistd.h>
| #endif
| #include <ieeefp.h>
configure:10328: result: no
configure:10335: checking for complex.h
configure:10335: /home/alexis/emsdk/upstream/emscripten/emcc -c -g -O2  conftest.c >&5
configure:10335: $? = 0
configure:10335: result: yes
configure:10363: checking for vprintf
configure:10363: /home/alexis/emsdk/upstream/emscripten/emcc -o conftest -g -O2   conftest.c  >&5
conftest.c:43:6: warning: incompatible redeclaration of library function 'vprintf' [-Wincompatible-library-redeclaration]
char vprintf ();
     ^
conftest.c:43:6: note: 'vprintf' is a builtin with type 'int (const char *, __builtin_va_list)'
1 warning generated.
wasm-ld: warning: function signature mismatch: vprintf
>>> defined as () -> i32 in /tmp/emscripten_temp_vfn4pw12/conftest_0.o
>>> defined as (i32, i32) -> i32 in /home/alexis/emsdk/upstream/emscripten/cache/sysroot/lib/wasm32-emscripten/libc.a(vprintf.o)
emcc: warning: running limited binaryen optimizations because DWARF info requested (or indirectly required) [-Wlimited-postlink-optimizations]
configure:10363: $? = 0
configure:10363: result: yes
configure:10385: checking for memcpy
configure:10385: /home/alexis/emsdk/upstream/emscripten/emcc -o conftest -g -O2   conftest.c  >&5
conftest.c:44:6: warning: incompatible redeclaration of library function 'memcpy' [-Wincompatible-library-redeclaration]
char memcpy ();
     ^
conftest.c:44:6: note: 'memcpy' is a builtin with type 'void *(void *, const void *, unsigned long)'
1 warning generated.
wasm-ld: warning: function signature mismatch: memcpy
>>> defined as () -> i32 in /tmp/emscripten_temp_8chjmhlh/conftest_0.o
>>> defined as (i32, i32, i32) -> i32 in /home/alexis/emsdk/upstream/emscripten/cache/sysroot/lib/wasm32-emscripten/libc.a(emscripten_memcpy.o)
emcc: warning: running limited binaryen optimizations because DWARF info requested (or indirectly required) [-Wlimited-postlink-optimizations]
configure:10385: $? = 0
configure:10385: result: yes
configure:10398: checking for memmove
configure:10398: /home/alexis/emsdk/upstream/emscripten/emcc -o conftest -g -O2   conftest.c  >&5
conftest.c:45:6: warning: incompatible redeclaration of library function 'memmove' [-Wincompatible-library-redeclaration]
char memmove ();
     ^
conftest.c:45:6: note: 'memmove' is a builtin with type 'void *(void *, const void *, unsigned long)'
1 warning generated.
wasm-ld: warning: function signature mismatch: memmove
>>> defined as () -> i32 in /tmp/emscripten_temp_asen52xr/conftest_0.o
>>> defined as (i32, i32, i32) -> i32 in /home/alexis/emsdk/upstream/emscripten/cache/sysroot/lib/wasm32-emscripten/libc.a(emscripten_memmove.o)
emcc: warning: running limited binaryen optimizations because DWARF info requested (or indirectly required) [-Wlimited-postlink-optimizations]
configure:10398: $? = 0
configure:10398: result: yes
configure:10411: checking for strdup
configure:10411: /home/alexis/emsdk/upstream/emscripten/emcc -o conftest -g -O2   conftest.c  >&5
conftest.c:46:6: warning: incompatible redeclaration of library function 'strdup' [-Wincompatible-library-redeclaration]
char strdup ();
     ^
conftest.c:46:6: note: 'strdup' is a builtin with type 'char *(const char *)'
1 warning generated.
wasm-ld: warning: function signature mismatch: strdup
>>> defined as () -> i32 in /tmp/emscripten_temp_6xjgjy49/conftest_0.o
>>> defined as (i32) -> i32 in /home/alexis/emsdk/upstream/emscripten/cache/sysroot/lib/wasm32-emscripten/libc.a(strdup.o)
emcc: warning: running limited binaryen optimizations because DWARF info requested (or indirectly required) [-Wlimited-postlink-optimizations]
configure:10411: $? = 0
configure:10411: result: yes
configure:10424: checking for strtol
configure:10424: /home/alexis/emsdk/upstream/emscripten/emcc -o conftest -g -O2   conftest.c  >&5
conftest.c:47:6: warning: incompatible redeclaration of library function 'strtol' [-Wincompatible-library-redeclaration]
char strtol ();
     ^
conftest.c:47:6: note: 'strtol' is a builtin with type 'long (const char *, char **, int)'
1 warning generated.
wasm-ld: warning: function signature mismatch: strtol
>>> defined as () -> i32 in /tmp/emscripten_temp_fqznms_u/conftest_0.o
>>> defined as (i32, i32, i32) -> i32 in /home/alexis/emsdk/upstream/emscripten/cache/sysroot/lib/wasm32-emscripten/libc.a(strtol.o)
emcc: warning: running limited binaryen optimizations because DWARF info requested (or indirectly required) [-Wlimited-postlink-optimizations]
configure:10424: $? = 0
configure:10424: result: yes
configure:10437: checking for strtoul
configure:10437: /home/alexis/emsdk/upstream/emscripten/emcc -o conftest -g -O2   conftest.c  >&5
conftest.c:48:6: warning: incompatible redeclaration of library function 'strtoul' [-Wincompatible-library-redeclaration]
char strtoul ();
     ^
conftest.c:48:6: note: 'strtoul' is a builtin with type 'unsigned long (const char *, char **, int)'
1 warning generated.
wasm-ld: warning: function signature mismatch: strtoul
>>> defined as () -> i32 in /tmp/emscripten_temp_ox6hg5ow/conftest_0.o
>>> defined as (i32, i32, i32) -> i32 in /home/alexis/emsdk/upstream/emscripten/cache/sysroot/lib/wasm32-emscripten/libc.a(strtol.o)
emcc: warning: running limited binaryen optimizations because DWARF info requested (or indirectly required) [-Wlimited-postlink-optimizations]
configure:10437: $? = 0
configure:10437: result: yes
configure:10452: checking for EXIT_SUCCESS and EXIT_FAILURE
configure:10479: result: yes
configure:10490: checking for cos in -lm
configure:10523: result: yes
configure:10535: checking for /home/alexis/emsdk/upstream/emscripten/emcc options needed to detect all undeclared functions
configure:10557: /home/alexis/emsdk/upstream/emscripten/emcc -c -g -O2   conftest.c >&5
conftest.c:39:8: error: implicitly declaring library function 'strchr' with type 'char *(const char *, int)' [-Werror,-Wimplicit-function-declaration]
(void) strchr;
       ^
conftest.c:39:8: note: include the header <string.h> or explicitly provide a declaration for 'strchr'
1 error generated.
emcc: error: '/home/alexis/emsdk/upstream/bin/clang -target wasm32-unknown-emscripten -DEMSCRIPTEN -D__EMSCRIPTEN_major__=3 -D__EMSCRIPTEN_minor__=1 -D__EMSCRIPTEN_tiny__=8 -fignore-exceptions -fvisibility=default -mllvm -combiner-global-alias-analysis=false -mllvm -enable-emscripten-sjlj -mllvm -disable-lsr -Werror=implicit-function-declaration -Xclang -iwithsysroot/include/SDL --sysroot=/home/alexis/emsdk/upstream/emscripten/cache/sysroot -Xclang -iwithsysroot/include/compat -c -g -O2 conftest.c -o conftest.o' failed (returned 1)
configure:10557: $? = 1
configure: failed program was:
| /* confdefs.h */
| #define PACKAGE_NAME "gsl"
| #define PACKAGE_TARNAME "gsl"
| #define PACKAGE_VERSION "2.7.1"
| #define PACKAGE_STRING "gsl 2.7.1"
| #define PACKAGE_BUGREPORT ""
| #define PACKAGE_URL ""
| #define PACKAGE "gsl"
| #define VERSION "2.7.1"
| #define RELEASED /**/
| #define HAVE_STDIO_H 1
| #define HAVE_STDLIB_H 1
| #define HAVE_STRING_H 1
| #define HAVE_INTTYPES_H 1
| #define HAVE_STDINT_H 1
| #define HAVE_STRINGS_H 1
| #define HAVE_SYS_STAT_H 1
| #define HAVE_SYS_TYPES_H 1
| #define HAVE_UNISTD_H 1
| #define STDC_HEADERS 1
| #define HAVE_DLFCN_H 1
| #define LT_OBJDIR ".libs/"
| #define HAVE_INLINE 1
| #define HAVE_C99_INLINE 1
| #define HAVE_COMPLEX_H 1
| #define HAVE_VPRINTF 1
| #define HAVE_MEMCPY 1
| #define HAVE_MEMMOVE 1
| #define HAVE_STRDUP 1
| #define HAVE_STRTOL 1
| #define HAVE_STRTOUL 1
| #define HAVE_EXIT_SUCCESS_AND_FAILURE 1
| #define HAVE_LIBM 1
| /* end confdefs.h.  */
| 
| int
| main (void)
| {
| (void) strchr;
|   ;
|   return 0;
| }
configure:10584: /home/alexis/emsdk/upstream/emscripten/emcc -c -g -O2   conftest.c >&5
configure:10584: $? = 0
configure:10601: result: none needed
configure:10615: checking whether feenableexcept is declared
configure:10615: /home/alexis/emsdk/upstream/emscripten/emcc -c -g -O2   conftest.c >&5
conftest.c:45:10: error: use of undeclared identifier 'feenableexcept'
  (void) feenableexcept;
         ^
1 error generated.
emcc: error: '/home/alexis/emsdk/upstream/bin/clang -target wasm32-unknown-emscripten -DEMSCRIPTEN -D__EMSCRIPTEN_major__=3 -D__EMSCRIPTEN_minor__=1 -D__EMSCRIPTEN_tiny__=8 -fignore-exceptions -fvisibility=default -mllvm -combiner-global-alias-analysis=false -mllvm -enable-emscripten-sjlj -mllvm -disable-lsr -Werror=implicit-function-declaration -Xclang -iwithsysroot/include/SDL --sysroot=/home/alexis/emsdk/upstream/emscripten/cache/sysroot -Xclang -iwithsysroot/include/compat -c -g -O2 conftest.c -o conftest.o' failed (returned 1)
configure:10615: $? = 1
configure: failed program was:
| /* confdefs.h */
| #define PACKAGE_NAME "gsl"
| #define PACKAGE_TARNAME "gsl"
| #define PACKAGE_VERSION "2.7.1"
| #define PACKAGE_STRING "gsl 2.7.1"
| #define PACKAGE_BUGREPORT ""
| #define PACKAGE_URL ""
| #define PACKAGE "gsl"
| #define VERSION "2.7.1"
| #define RELEASED /**/
| #define HAVE_STDIO_H 1
| #define HAVE_STDLIB_H 1
| #define HAVE_STRING_H 1
| #define HAVE_INTTYPES_H 1
| #define HAVE_STDINT_H 1
| #define HAVE_STRINGS_H 1
| #define HAVE_SYS_STAT_H 1
| #define HAVE_SYS_TYPES_H 1
| #define HAVE_UNISTD_H 1
| #define STDC_HEADERS 1
| #define HAVE_DLFCN_H 1
| #define LT_OBJDIR ".libs/"
| #define HAVE_INLINE 1
| #define HAVE_C99_INLINE 1
| #define HAVE_COMPLEX_H 1
| #define HAVE_VPRINTF 1
| #define HAVE_MEMCPY 1
| #define HAVE_MEMMOVE 1
| #define HAVE_STRDUP 1
| #define HAVE_STRTOL 1
| #define HAVE_STRTOUL 1
| #define HAVE_EXIT_SUCCESS_AND_FAILURE 1
| #define HAVE_LIBM 1
| /* end confdefs.h.  */
| #define _GNU_SOURCE 1
| #include <fenv.h>
| 
| int
| main (void)
| {
| #ifndef feenableexcept
| #ifdef __cplusplus
|   (void) feenableexcept;
| #else
|   (void) feenableexcept;
| #endif
| #endif
| 
|   ;
|   return 0;
| }
configure:10615: result: no
configure:10626: checking whether fesettrapenable is declared
configure:10626: /home/alexis/emsdk/upstream/emscripten/emcc -c -g -O2   conftest.c >&5
conftest.c:46:10: error: use of undeclared identifier 'fesettrapenable'
  (void) fesettrapenable;
         ^
1 error generated.
emcc: error: '/home/alexis/emsdk/upstream/bin/clang -target wasm32-unknown-emscripten -DEMSCRIPTEN -D__EMSCRIPTEN_major__=3 -D__EMSCRIPTEN_minor__=1 -D__EMSCRIPTEN_tiny__=8 -fignore-exceptions -fvisibility=default -mllvm -combiner-global-alias-analysis=false -mllvm -enable-emscripten-sjlj -mllvm -disable-lsr -Werror=implicit-function-declaration -Xclang -iwithsysroot/include/SDL --sysroot=/home/alexis/emsdk/upstream/emscripten/cache/sysroot -Xclang -iwithsysroot/include/compat -c -g -O2 conftest.c -o conftest.o' failed (returned 1)
configure:10626: $? = 1
configure: failed program was:
| /* confdefs.h */
| #define PACKAGE_NAME "gsl"
| #define PACKAGE_TARNAME "gsl"
| #define PACKAGE_VERSION "2.7.1"
| #define PACKAGE_STRING "gsl 2.7.1"
| #define PACKAGE_BUGREPORT ""
| #define PACKAGE_URL ""
| #define PACKAGE "gsl"
| #define VERSION "2.7.1"
| #define RELEASED /**/
| #define HAVE_STDIO_H 1
| #define HAVE_STDLIB_H 1
| #define HAVE_STRING_H 1
| #define HAVE_INTTYPES_H 1
| #define HAVE_STDINT_H 1
| #define HAVE_STRINGS_H 1
| #define HAVE_SYS_STAT_H 1
| #define HAVE_SYS_TYPES_H 1
| #define HAVE_UNISTD_H 1
| #define STDC_HEADERS 1
| #define HAVE_DLFCN_H 1
| #define LT_OBJDIR ".libs/"
| #define HAVE_INLINE 1
| #define HAVE_C99_INLINE 1
| #define HAVE_COMPLEX_H 1
| #define HAVE_VPRINTF 1
| #define HAVE_MEMCPY 1
| #define HAVE_MEMMOVE 1
| #define HAVE_STRDUP 1
| #define HAVE_STRTOL 1
| #define HAVE_STRTOUL 1
| #define HAVE_EXIT_SUCCESS_AND_FAILURE 1
| #define HAVE_LIBM 1
| #define HAVE_DECL_FEENABLEEXCEPT 0
| /* end confdefs.h.  */
| #define _GNU_SOURCE 1
| #include <fenv.h>
| 
| int
| main (void)
| {
| #ifndef fesettrapenable
| #ifdef __cplusplus
|   (void) fesettrapenable;
| #else
|   (void) fesettrapenable;
| #endif
| #endif
| 
|   ;
|   return 0;
| }
configure:10626: result: no
configure:10637: checking whether hypot is declared
configure:10637: /home/alexis/emsdk/upstream/emscripten/emcc -c -g -O2   conftest.c >&5
configure:10637: $? = 0
configure:10637: result: yes
configure:10647: checking whether expm1 is declared
configure:10647: /home/alexis/emsdk/upstream/emscripten/emcc -c -g -O2   conftest.c >&5
configure:10647: $? = 0
configure:10647: result: yes
configure:10657: checking whether acosh is declared
configure:10657: /home/alexis/emsdk/upstream/emscripten/emcc -c -g -O2   conftest.c >&5
configure:10657: $? = 0
configure:10657: result: yes
configure:10667: checking whether asinh is declared
configure:10667: /home/alexis/emsdk/upstream/emscripten/emcc -c -g -O2   conftest.c >&5
configure:10667: $? = 0
configure:10667: result: yes
configure:10677: checking whether atanh is declared
configure:10677: /home/alexis/emsdk/upstream/emscripten/emcc -c -g -O2   conftest.c >&5
configure:10677: $? = 0
configure:10677: result: yes
configure:10687: checking whether ldexp is declared
configure:10687: /home/alexis/emsdk/upstream/emscripten/emcc -c -g -O2   conftest.c >&5
configure:10687: $? = 0
configure:10687: result: yes
configure:10697: checking whether frexp is declared
configure:10697: /home/alexis/emsdk/upstream/emscripten/emcc -c -g -O2   conftest.c >&5
configure:10697: $? = 0
configure:10697: result: yes
configure:10707: checking whether fprnd_t is declared
configure:10707: /home/alexis/emsdk/upstream/emscripten/emcc -c -g -O2   conftest.c >&5
conftest.c:53:10: error: use of undeclared identifier 'fprnd_t'
  (void) fprnd_t;
         ^
1 error generated.
emcc: error: '/home/alexis/emsdk/upstream/bin/clang -target wasm32-unknown-emscripten -DEMSCRIPTEN -D__EMSCRIPTEN_major__=3 -D__EMSCRIPTEN_minor__=1 -D__EMSCRIPTEN_tiny__=8 -fignore-exceptions -fvisibility=default -mllvm -combiner-global-alias-analysis=false -mllvm -enable-emscripten-sjlj -mllvm -disable-lsr -Werror=implicit-function-declaration -Xclang -iwithsysroot/include/SDL --sysroot=/home/alexis/emsdk/upstream/emscripten/cache/sysroot -Xclang -iwithsysroot/include/compat -c -g -O2 conftest.c -o conftest.o' failed (returned 1)
configure:10707: $? = 1
configure: failed program was:
| /* confdefs.h */
| #define PACKAGE_NAME "gsl"
| #define PACKAGE_TARNAME "gsl"
| #define PACKAGE_VERSION "2.7.1"
| #define PACKAGE_STRING "gsl 2.7.1"
| #define PACKAGE_BUGREPORT ""
| #define PACKAGE_URL ""
| #define PACKAGE "gsl"
| #define VERSION "2.7.1"
| #define RELEASED /**/
| #define HAVE_STDIO_H 1
| #define HAVE_STDLIB_H 1
| #define HAVE_STRING_H 1
| #define HAVE_INTTYPES_H 1
| #define HAVE_STDINT_H 1
| #define HAVE_STRINGS_H 1
| #define HAVE_SYS_STAT_H 1
| #define HAVE_SYS_TYPES_H 1
| #define HAVE_UNISTD_H 1
| #define STDC_HEADERS 1
| #define HAVE_DLFCN_H 1
| #define LT_OBJDIR ".libs/"
| #define HAVE_INLINE 1
| #define HAVE_C99_INLINE 1
| #define HAVE_COMPLEX_H 1
| #define HAVE_VPRINTF 1
| #define HAVE_MEMCPY 1
| #define HAVE_MEMMOVE 1
| #define HAVE_STRDUP 1
| #define HAVE_STRTOL 1
| #define HAVE_STRTOUL 1
| #define HAVE_EXIT_SUCCESS_AND_FAILURE 1
| #define HAVE_LIBM 1
| #define HAVE_DECL_FEENABLEEXCEPT 0
| #define HAVE_DECL_FESETTRAPENABLE 0
| #define HAVE_DECL_HYPOT 1
| #define HAVE_DECL_EXPM1 1
| #define HAVE_DECL_ACOSH 1
| #define HAVE_DECL_ASINH 1
| #define HAVE_DECL_ATANH 1
| #define HAVE_DECL_LDEXP 1
| #define HAVE_DECL_FREXP 1
| /* end confdefs.h.  */
| #include <float.h>
| 
| int
| main (void)
| {
| #ifndef fprnd_t
| #ifdef __cplusplus
|   (void) fprnd_t;
| #else
|   (void) fprnd_t;
| #endif
| #endif
| 
|   ;
|   return 0;
| }
configure:10707: result: no
configure:10717: checking whether isinf is declared
configure:10717: /home/alexis/emsdk/upstream/emscripten/emcc -c -g -O2   conftest.c >&5
configure:10717: $? = 0
configure:10717: result: yes
configure:10727: checking whether isfinite is declared
configure:10727: /home/alexis/emsdk/upstream/emscripten/emcc -c -g -O2   conftest.c >&5
configure:10727: $? = 0
configure:10727: result: yes
configure:10737: checking whether finite is declared
configure:10737: /home/alexis/emsdk/upstream/emscripten/emcc -c -g -O2   conftest.c >&5
configure:10737: $? = 0
configure:10737: result: yes
configure:10750: checking whether isnan is declared
configure:10750: /home/alexis/emsdk/upstream/emscripten/emcc -c -g -O2   conftest.c >&5
configure:10750: $? = 0
configure:10750: result: yes
configure:10767: checking whether log1p is declared
configure:10767: /home/alexis/emsdk/upstream/emscripten/emcc -c -g -O2   conftest.c >&5
configure:10767: $? = 0
configure:10767: result: yes
configure:10780: checking for long double stdio
configure:10803: /home/alexis/emsdk/upstream/emscripten/emcc -o conftest -g -O2   conftest.c -lm  >&5
emcc: warning: running limited binaryen optimizations because DWARF info requested (or indirectly required) [-Wlimited-postlink-optimizations]
configure:10803: $? = 0
configure:10803: ./conftest
1.234
configure:10803: $? = 0
configure:10814: result: yes
configure:10823: checking for extended floating point registers
configure:10857: result: yes
configure:10866: checking for IEEE arithmetic interface type
configure:10930: result: gnux86
configure:10934: checking for FPU_SETCW
configure:10957: /home/alexis/emsdk/upstream/emscripten/emcc -c -g -O2  conftest.c >&5
conftest.c:52:10: fatal error: 'fpu_control.h' file not found
#include <fpu_control.h>
         ^~~~~~~~~~~~~~~
1 error generated.
emcc: error: '/home/alexis/emsdk/upstream/bin/clang -target wasm32-unknown-emscripten -DEMSCRIPTEN -D__EMSCRIPTEN_major__=3 -D__EMSCRIPTEN_minor__=1 -D__EMSCRIPTEN_tiny__=8 -fignore-exceptions -fvisibility=default -mllvm -combiner-global-alias-analysis=false -mllvm -enable-emscripten-sjlj -mllvm -disable-lsr -Werror=implicit-function-declaration -Xclang -iwithsysroot/include/SDL --sysroot=/home/alexis/emsdk/upstream/emscripten/cache/sysroot -Xclang -iwithsysroot/include/compat -c -g -O2 conftest.c -o conftest.o' failed (returned 1)
configure:10957: $? = 1
configure: failed program was:
| /* confdefs.h */
| #define PACKAGE_NAME "gsl"
| #define PACKAGE_TARNAME "gsl"
| #define PACKAGE_VERSION "2.7.1"
| #define PACKAGE_STRING "gsl 2.7.1"
| #define PACKAGE_BUGREPORT ""
| #define PACKAGE_URL ""
| #define PACKAGE "gsl"
| #define VERSION "2.7.1"
| #define RELEASED /**/
| #define HAVE_STDIO_H 1
| #define HAVE_STDLIB_H 1
| #define HAVE_STRING_H 1
| #define HAVE_INTTYPES_H 1
| #define HAVE_STDINT_H 1
| #define HAVE_STRINGS_H 1
| #define HAVE_SYS_STAT_H 1
| #define HAVE_SYS_TYPES_H 1
| #define HAVE_UNISTD_H 1
| #define STDC_HEADERS 1
| #define HAVE_DLFCN_H 1
| #define LT_OBJDIR ".libs/"
| #define HAVE_INLINE 1
| #define HAVE_C99_INLINE 1
| #define HAVE_COMPLEX_H 1
| #define HAVE_VPRINTF 1
| #define HAVE_MEMCPY 1
| #define HAVE_MEMMOVE 1
| #define HAVE_STRDUP 1
| #define HAVE_STRTOL 1
| #define HAVE_STRTOUL 1
| #define HAVE_EXIT_SUCCESS_AND_FAILURE 1
| #define HAVE_LIBM 1
| #define HAVE_DECL_FEENABLEEXCEPT 0
| #define HAVE_DECL_FESETTRAPENABLE 0
| #define HAVE_DECL_HYPOT 1
| #define HAVE_DECL_EXPM1 1
| #define HAVE_DECL_ACOSH 1
| #define HAVE_DECL_ASINH 1
| #define HAVE_DECL_ATANH 1
| #define HAVE_DECL_LDEXP 1
| #define HAVE_DECL_FREXP 1
| #define HAVE_DECL_FPRND_T 0
| #define HAVE_DECL_ISINF 1
| #define HAVE_DECL_ISFINITE 1
| #define HAVE_DECL_FINITE 1
| #define HAVE_DECL_ISNAN 1
| #define HAVE_DECL_LOG1P 1
| #define HAVE_PRINTF_LONGDOUBLE 1
| #define HAVE_EXTENDED_PRECISION_REGISTERS 1
| /* end confdefs.h.  */
| #include <fpu_control.h>
| #ifndef _FPU_SETCW
| #include <i386/fpu_control.h>
| #define _FPU_SETCW(cw) __setfpucw(cw)
| #endif
| 
| int
| main (void)
| {
|  unsigned short mode = 0 ; _FPU_SETCW(mode);
|   ;
|   return 0;
| }
configure:10966: result: no
configure:11064: checking for IEEE compiler flags
configure:11105: result: none
configure:11114: checking for IEEE comparisons
configure:11137: /home/alexis/emsdk/upstream/emscripten/emcc -o conftest -g -O2   conftest.c -lm  >&5
conftest.c:61:4: error: implicitly declaring library function 'exit' with type 'void (int) __attribute__((noreturn))' [-Werror,-Wimplicit-function-declaration]
   exit (status);
   ^
conftest.c:61:4: note: include the header <stdlib.h> or explicitly provide a declaration for 'exit'
1 error generated.
emcc: error: '/home/alexis/emsdk/upstream/bin/clang -target wasm32-unknown-emscripten -DEMSCRIPTEN -D__EMSCRIPTEN_major__=3 -D__EMSCRIPTEN_minor__=1 -D__EMSCRIPTEN_tiny__=8 -fignore-exceptions -fvisibility=default -mllvm -combiner-global-alias-analysis=false -mllvm -enable-emscripten-sjlj -mllvm -disable-lsr -Werror=implicit-function-declaration -Xclang -iwithsysroot/include/SDL --sysroot=/home/alexis/emsdk/upstream/emscripten/cache/sysroot -Xclang -iwithsysroot/include/compat -g -O2 conftest.c -c -o /tmp/emscripten_temp_43vgcgoa/conftest_0.o' failed (returned 1)
configure:11137: $? = 1
configure: program exited with status 1
configure: failed program was:
| /* confdefs.h */
| #define PACKAGE_NAME "gsl"
| #define PACKAGE_TARNAME "gsl"
| #define PACKAGE_VERSION "2.7.1"
| #define PACKAGE_STRING "gsl 2.7.1"
| #define PACKAGE_BUGREPORT ""
| #define PACKAGE_URL ""
| #define PACKAGE "gsl"
| #define VERSION "2.7.1"
| #define RELEASED /**/
| #define HAVE_STDIO_H 1
| #define HAVE_STDLIB_H 1
| #define HAVE_STRING_H 1
| #define HAVE_INTTYPES_H 1
| #define HAVE_STDINT_H 1
| #define HAVE_STRINGS_H 1
| #define HAVE_SYS_STAT_H 1
| #define HAVE_SYS_TYPES_H 1
| #define HAVE_UNISTD_H 1
| #define STDC_HEADERS 1
| #define HAVE_DLFCN_H 1
| #define LT_OBJDIR ".libs/"
| #define HAVE_INLINE 1
| #define HAVE_C99_INLINE 1
| #define HAVE_COMPLEX_H 1
| #define HAVE_VPRINTF 1
| #define HAVE_MEMCPY 1
| #define HAVE_MEMMOVE 1
| #define HAVE_STRDUP 1
| #define HAVE_STRTOL 1
| #define HAVE_STRTOUL 1
| #define HAVE_EXIT_SUCCESS_AND_FAILURE 1
| #define HAVE_LIBM 1
| #define HAVE_DECL_FEENABLEEXCEPT 0
| #define HAVE_DECL_FESETTRAPENABLE 0
| #define HAVE_DECL_HYPOT 1
| #define HAVE_DECL_EXPM1 1
| #define HAVE_DECL_ACOSH 1
| #define HAVE_DECL_ASINH 1
| #define HAVE_DECL_ATANH 1
| #define HAVE_DECL_LDEXP 1
| #define HAVE_DECL_FREXP 1
| #define HAVE_DECL_FPRND_T 0
| #define HAVE_DECL_ISINF 1
| #define HAVE_DECL_ISFINITE 1
| #define HAVE_DECL_FINITE 1
| #define HAVE_DECL_ISNAN 1
| #define HAVE_DECL_LOG1P 1
| #define HAVE_PRINTF_LONGDOUBLE 1
| #define HAVE_EXTENDED_PRECISION_REGISTERS 1
| #define HAVE_UNKNOWN_IEEE_INTERFACE 1
| /* end confdefs.h.  */
| 
| #include <math.h>
| int main (void)
| {
|    int status; double inf, nan;
|    inf = exp(1.0e10);
|    nan = inf / inf ;
|    status = (nan == nan);
|    exit (status);
| }
configure:11149: result: no
configure:11158: checking for IEEE denormalized values
configure:11182: /home/alexis/emsdk/upstream/emscripten/emcc -o conftest -g -O2   conftest.c -lm  >&5
conftest.c:62:4: error: implicitly declaring library function 'exit' with type 'void (int) __attribute__((noreturn))' [-Werror,-Wimplicit-function-declaration]
   exit (status);
   ^
conftest.c:62:4: note: include the header <stdlib.h> or explicitly provide a declaration for 'exit'
1 error generated.
emcc: error: '/home/alexis/emsdk/upstream/bin/clang -target wasm32-unknown-emscripten -DEMSCRIPTEN -D__EMSCRIPTEN_major__=3 -D__EMSCRIPTEN_minor__=1 -D__EMSCRIPTEN_tiny__=8 -fignore-exceptions -fvisibility=default -mllvm -combiner-global-alias-analysis=false -mllvm -enable-emscripten-sjlj -mllvm -disable-lsr -Werror=implicit-function-declaration -Xclang -iwithsysroot/include/SDL --sysroot=/home/alexis/emsdk/upstream/emscripten/cache/sysroot -Xclang -iwithsysroot/include/compat -g -O2 conftest.c -c -o /tmp/emscripten_temp_fuho0f11/conftest_0.o' failed (returned 1)
configure:11182: $? = 1
configure: program exited with status 1
configure: failed program was:
| /* confdefs.h */
| #define PACKAGE_NAME "gsl"
| #define PACKAGE_TARNAME "gsl"
| #define PACKAGE_VERSION "2.7.1"
| #define PACKAGE_STRING "gsl 2.7.1"
| #define PACKAGE_BUGREPORT ""
| #define PACKAGE_URL ""
| #define PACKAGE "gsl"
| #define VERSION "2.7.1"
| #define RELEASED /**/
| #define HAVE_STDIO_H 1
| #define HAVE_STDLIB_H 1
| #define HAVE_STRING_H 1
| #define HAVE_INTTYPES_H 1
| #define HAVE_STDINT_H 1
| #define HAVE_STRINGS_H 1
| #define HAVE_SYS_STAT_H 1
| #define HAVE_SYS_TYPES_H 1
| #define HAVE_UNISTD_H 1
| #define STDC_HEADERS 1
| #define HAVE_DLFCN_H 1
| #define LT_OBJDIR ".libs/"
| #define HAVE_INLINE 1
| #define HAVE_C99_INLINE 1
| #define HAVE_COMPLEX_H 1
| #define HAVE_VPRINTF 1
| #define HAVE_MEMCPY 1
| #define HAVE_MEMMOVE 1
| #define HAVE_STRDUP 1
| #define HAVE_STRTOL 1
| #define HAVE_STRTOUL 1
| #define HAVE_EXIT_SUCCESS_AND_FAILURE 1
| #define HAVE_LIBM 1
| #define HAVE_DECL_FEENABLEEXCEPT 0
| #define HAVE_DECL_FESETTRAPENABLE 0
| #define HAVE_DECL_HYPOT 1
| #define HAVE_DECL_EXPM1 1
| #define HAVE_DECL_ACOSH 1
| #define HAVE_DECL_ASINH 1
| #define HAVE_DECL_ATANH 1
| #define HAVE_DECL_LDEXP 1
| #define HAVE_DECL_FREXP 1
| #define HAVE_DECL_FPRND_T 0
| #define HAVE_DECL_ISINF 1
| #define HAVE_DECL_ISFINITE 1
| #define HAVE_DECL_FINITE 1
| #define HAVE_DECL_ISNAN 1
| #define HAVE_DECL_LOG1P 1
| #define HAVE_PRINTF_LONGDOUBLE 1
| #define HAVE_EXTENDED_PRECISION_REGISTERS 1
| #define HAVE_UNKNOWN_IEEE_INTERFACE 1
| /* end confdefs.h.  */
| 
| #include <math.h>
| int main (void)
| {
|    int i, status;
|    volatile double z = 1e-308;
|    for (i = 0; i < 5; i++) { z = z / 10.0 ; };
|    for (i = 0; i < 5; i++) { z = z * 10.0 ; };
|    status = (z == 0.0);
|    exit (status);
| }
configure:11194: result: no
configure:11325: checking that generated files are newer than configure
configure:11331: result: done
configure:11358: creating ./config.status

## ---------------------- ##
## Running config.status. ##
## ---------------------- ##

This file was extended by gsl config.status 2.7.1, which was
generated by GNU Autoconf 2.71.  Invocation command line was

  CONFIG_FILES    = 
  CONFIG_HEADERS  = 
  CONFIG_LINKS    = 
  CONFIG_COMMANDS = 
  $ ./config.status 

on alexis-B450M-DS3H

config.status:1198: creating Makefile
config.status:1198: creating gsl_version.h
config.status:1198: creating gsl.spec
config.status:1198: creating blas/Makefile
config.status:1198: creating block/Makefile
config.status:1198: creating bspline/Makefile
config.status:1198: creating bst/Makefile
config.status:1198: creating cblas/Makefile
config.status:1198: creating cdf/Makefile
config.status:1198: creating cheb/Makefile
config.status:1198: creating combination/Makefile
config.status:1198: creating complex/Makefile
config.status:1198: creating const/Makefile
config.status:1198: creating deriv/Makefile
config.status:1198: creating dht/Makefile
config.status:1198: creating diff/Makefile
config.status:1198: creating doc/Makefile
config.status:1198: creating doc/examples/Makefile
config.status:1198: creating eigen/Makefile
config.status:1198: creating err/Makefile
config.status:1198: creating fft/Makefile
config.status:1198: creating filter/Makefile
config.status:1198: creating fit/Makefile
config.status:1198: creating gsl/Makefile
config.status:1198: creating histogram/Makefile
config.status:1198: creating ieee-utils/Makefile
config.status:1198: creating integration/Makefile
config.status:1198: creating interpolation/Makefile
config.status:1198: creating linalg/Makefile
config.status:1198: creating matrix/Makefile
config.status:1198: creating min/Makefile
config.status:1198: creating monte/Makefile
config.status:1198: creating movstat/Makefile
config.status:1198: creating multifit/Makefile
config.status:1198: creating multifit_nlinear/Makefile
config.status:1198: creating multilarge/Makefile
config.status:1198: creating multilarge_nlinear/Makefile
config.status:1198: creating multimin/Makefile
config.status:1198: creating multiroots/Makefile
config.status:1198: creating multiset/Makefile
config.status:1198: creating ntuple/Makefile
config.status:1198: creating ode-initval/Makefile
config.status:1198: creating ode-initval2/Makefile
config.status:1198: creating permutation/Makefile
config.status:1198: creating poly/Makefile
config.status:1198: creating qrng/Makefile
config.status:1198: creating randist/Makefile
config.status:1198: creating rng/Makefile
config.status:1198: creating roots/Makefile
config.status:1198: creating rstat/Makefile
config.status:1198: creating siman/Makefile
config.status:1198: creating sort/Makefile
config.status:1198: creating spblas/Makefile
config.status:1198: creating splinalg/Makefile
config.status:1198: creating spmatrix/Makefile
config.status:1198: creating specfunc/Makefile
config.status:1198: creating statistics/Makefile
config.status:1198: creating sum/Makefile
config.status:1198: creating sys/Makefile
config.status:1198: creating test/Makefile
config.status:1198: creating utils/Makefile
config.status:1198: creating vector/Makefile
config.status:1198: creating wavelet/Makefile
config.status:1198: creating config.h
config.status:1379: config.h is unchanged
config.status:1427: executing depfiles commands
config.status:1504: cd .       && sed -e '/# am--include-marker/d' Makefile         | make -f - am--depfiles
make: Nothing to be done for 'am--depfiles'.
config.status:1509: $? = 0
config.status:1504: cd blas       && sed -e '/# am--include-marker/d' Makefile         | make -f - am--depfiles
make: Nothing to be done for 'am--depfiles'.
config.status:1509: $? = 0
config.status:1504: cd block       && sed -e '/# am--include-marker/d' Makefile         | make -f - am--depfiles
make: Nothing to be done for 'am--depfiles'.
config.status:1509: $? = 0
config.status:1504: cd bspline       && sed -e '/# am--include-marker/d' Makefile         | make -f - am--depfiles
make: Nothing to be done for 'am--depfiles'.
config.status:1509: $? = 0
config.status:1504: cd bst       && sed -e '/# am--include-marker/d' Makefile         | make -f - am--depfiles
make: Nothing to be done for 'am--depfiles'.
config.status:1509: $? = 0
config.status:1504: cd cblas       && sed -e '/# am--include-marker/d' Makefile         | make -f - am--depfiles
make: Nothing to be done for 'am--depfiles'.
config.status:1509: $? = 0
config.status:1504: cd cdf       && sed -e '/# am--include-marker/d' Makefile         | make -f - am--depfiles
make: Nothing to be done for 'am--depfiles'.
config.status:1509: $? = 0
config.status:1504: cd cheb       && sed -e '/# am--include-marker/d' Makefile         | make -f - am--depfiles
make: Nothing to be done for 'am--depfiles'.
config.status:1509: $? = 0
config.status:1504: cd combination       && sed -e '/# am--include-marker/d' Makefile         | make -f - am--depfiles
make: Nothing to be done for 'am--depfiles'.
config.status:1509: $? = 0
config.status:1504: cd complex       && sed -e '/# am--include-marker/d' Makefile         | make -f - am--depfiles
make: Nothing to be done for 'am--depfiles'.
config.status:1509: $? = 0
config.status:1504: cd const       && sed -e '/# am--include-marker/d' Makefile         | make -f - am--depfiles
make: Nothing to be done for 'am--depfiles'.
config.status:1509: $? = 0
config.status:1504: cd deriv       && sed -e '/# am--include-marker/d' Makefile         | make -f - am--depfiles
make: Nothing to be done for 'am--depfiles'.
config.status:1509: $? = 0
config.status:1504: cd dht       && sed -e '/# am--include-marker/d' Makefile         | make -f - am--depfiles
make: Nothing to be done for 'am--depfiles'.
config.status:1509: $? = 0
config.status:1504: cd diff       && sed -e '/# am--include-marker/d' Makefile         | make -f - am--depfiles
make: Nothing to be done for 'am--depfiles'.
config.status:1509: $? = 0
config.status:1504: cd doc/examples       && sed -e '/# am--include-marker/d' Makefile         | make -f - am--depfiles
make: Nothing to be done for 'am--depfiles'.
config.status:1509: $? = 0
config.status:1504: cd eigen       && sed -e '/# am--include-marker/d' Makefile         | make -f - am--depfiles
make: Nothing to be done for 'am--depfiles'.
config.status:1509: $? = 0
config.status:1504: cd err       && sed -e '/# am--include-marker/d' Makefile         | make -f - am--depfiles
make: Nothing to be done for 'am--depfiles'.
config.status:1509: $? = 0
config.status:1504: cd fft       && sed -e '/# am--include-marker/d' Makefile         | make -f - am--depfiles
make: Nothing to be done for 'am--depfiles'.
config.status:1509: $? = 0
config.status:1504: cd filter       && sed -e '/# am--include-marker/d' Makefile         | make -f - am--depfiles
make: Nothing to be done for 'am--depfiles'.
config.status:1509: $? = 0
config.status:1504: cd fit       && sed -e '/# am--include-marker/d' Makefile         | make -f - am--depfiles
make: Nothing to be done for 'am--depfiles'.
config.status:1509: $? = 0
config.status:1504: cd histogram       && sed -e '/# am--include-marker/d' Makefile         | make -f - am--depfiles
make: Nothing to be done for 'am--depfiles'.
config.status:1509: $? = 0
config.status:1504: cd ieee-utils       && sed -e '/# am--include-marker/d' Makefile         | make -f - am--depfiles
make: Nothing to be done for 'am--depfiles'.
config.status:1509: $? = 0
config.status:1504: cd integration       && sed -e '/# am--include-marker/d' Makefile         | make -f - am--depfiles
make: Nothing to be done for 'am--depfiles'.
config.status:1509: $? = 0
config.status:1504: cd interpolation       && sed -e '/# am--include-marker/d' Makefile         | make -f - am--depfiles
make: Nothing to be done for 'am--depfiles'.
config.status:1509: $? = 0
config.status:1504: cd linalg       && sed -e '/# am--include-marker/d' Makefile         | make -f - am--depfiles
make: Nothing to be done for 'am--depfiles'.
config.status:1509: $? = 0
config.status:1504: cd matrix       && sed -e '/# am--include-marker/d' Makefile         | make -f - am--depfiles
make: Nothing to be done for 'am--depfiles'.
config.status:1509: $? = 0
config.status:1504: cd min       && sed -e '/# am--include-marker/d' Makefile         | make -f - am--depfiles
make: Nothing to be done for 'am--depfiles'.
config.status:1509: $? = 0
config.status:1504: cd monte       && sed -e '/# am--include-marker/d' Makefile         | make -f - am--depfiles
make: Nothing to be done for 'am--depfiles'.
config.status:1509: $? = 0
config.status:1504: cd movstat       && sed -e '/# am--include-marker/d' Makefile         | make -f - am--depfiles
make: Nothing to be done for 'am--depfiles'.
config.status:1509: $? = 0
config.status:1504: cd multifit       && sed -e '/# am--include-marker/d' Makefile         | make -f - am--depfiles
make: Nothing to be done for 'am--depfiles'.
config.status:1509: $? = 0
config.status:1504: cd multifit_nlinear       && sed -e '/# am--include-marker/d' Makefile         | make -f - am--depfiles
make: Nothing to be done for 'am--depfiles'.
config.status:1509: $? = 0
config.status:1504: cd multilarge       && sed -e '/# am--include-marker/d' Makefile         | make -f - am--depfiles
make: Nothing to be done for 'am--depfiles'.
config.status:1509: $? = 0
config.status:1504: cd multilarge_nlinear       && sed -e '/# am--include-marker/d' Makefile         | make -f - am--depfiles
make: Nothing to be done for 'am--depfiles'.
config.status:1509: $? = 0
config.status:1504: cd multimin       && sed -e '/# am--include-marker/d' Makefile         | make -f - am--depfiles
make: Nothing to be done for 'am--depfiles'.
config.status:1509: $? = 0
config.status:1504: cd multiroots       && sed -e '/# am--include-marker/d' Makefile         | make -f - am--depfiles
make: Nothing to be done for 'am--depfiles'.
config.status:1509: $? = 0
config.status:1504: cd multiset       && sed -e '/# am--include-marker/d' Makefile         | make -f - am--depfiles
make: Nothing to be done for 'am--depfiles'.
config.status:1509: $? = 0
config.status:1504: cd ntuple       && sed -e '/# am--include-marker/d' Makefile         | make -f - am--depfiles
make: Nothing to be done for 'am--depfiles'.
config.status:1509: $? = 0
config.status:1504: cd ode-initval       && sed -e '/# am--include-marker/d' Makefile         | make -f - am--depfiles
make: Nothing to be done for 'am--depfiles'.
config.status:1509: $? = 0
config.status:1504: cd ode-initval2       && sed -e '/# am--include-marker/d' Makefile         | make -f - am--depfiles
make: Nothing to be done for 'am--depfiles'.
config.status:1509: $? = 0
config.status:1504: cd permutation       && sed -e '/# am--include-marker/d' Makefile         | make -f - am--depfiles
make: Nothing to be done for 'am--depfiles'.
config.status:1509: $? = 0
config.status:1504: cd poly       && sed -e '/# am--include-marker/d' Makefile         | make -f - am--depfiles
make: Nothing to be done for 'am--depfiles'.
config.status:1509: $? = 0
config.status:1504: cd qrng       && sed -e '/# am--include-marker/d' Makefile         | make -f - am--depfiles
make: Nothing to be done for 'am--depfiles'.
config.status:1509: $? = 0
config.status:1504: cd randist       && sed -e '/# am--include-marker/d' Makefile         | make -f - am--depfiles
make: Nothing to be done for 'am--depfiles'.
config.status:1509: $? = 0
config.status:1504: cd rng       && sed -e '/# am--include-marker/d' Makefile         | make -f - am--depfiles
make: Nothing to be done for 'am--depfiles'.
config.status:1509: $? = 0
config.status:1504: cd roots       && sed -e '/# am--include-marker/d' Makefile         | make -f - am--depfiles
make: Nothing to be done for 'am--depfiles'.
config.status:1509: $? = 0
config.status:1504: cd rstat       && sed -e '/# am--include-marker/d' Makefile         | make -f - am--depfiles
make: Nothing to be done for 'am--depfiles'.
config.status:1509: $? = 0
config.status:1504: cd siman       && sed -e '/# am--include-marker/d' Makefile         | make -f - am--depfiles
make: Nothing to be done for 'am--depfiles'.
config.status:1509: $? = 0
config.status:1504: cd sort       && sed -e '/# am--include-marker/d' Makefile         | make -f - am--depfiles
make: Nothing to be done for 'am--depfiles'.
config.status:1509: $? = 0
config.status:1504: cd spblas       && sed -e '/# am--include-marker/d' Makefile         | make -f - am--depfiles
make: Nothing to be done for 'am--depfiles'.
config.status:1509: $? = 0
config.status:1504: cd splinalg       && sed -e '/# am--include-marker/d' Makefile         | make -f - am--depfiles
make: Nothing to be done for 'am--depfiles'.
config.status:1509: $? = 0
config.status:1504: cd spmatrix       && sed -e '/# am--include-marker/d' Makefile         | make -f - am--depfiles
make: Nothing to be done for 'am--depfiles'.
config.status:1509: $? = 0
config.status:1504: cd specfunc       && sed -e '/# am--include-marker/d' Makefile         | make -f - am--depfiles
make: Nothing to be done for 'am--depfiles'.
config.status:1509: $? = 0
config.status:1504: cd statistics       && sed -e '/# am--include-marker/d' Makefile         | make -f - am--depfiles
make: Nothing to be done for 'am--depfiles'.
config.status:1509: $? = 0
config.status:1504: cd sum       && sed -e '/# am--include-marker/d' Makefile         | make -f - am--depfiles
make: Nothing to be done for 'am--depfiles'.
config.status:1509: $? = 0
config.status:1504: cd sys       && sed -e '/# am--include-marker/d' Makefile         | make -f - am--depfiles
make: Nothing to be done for 'am--depfiles'.
config.status:1509: $? = 0
config.status:1504: cd test       && sed -e '/# am--include-marker/d' Makefile         | make -f - am--depfiles
make: Nothing to be done for 'am--depfiles'.
config.status:1509: $? = 0
config.status:1504: cd utils       && sed -e '/# am--include-marker/d' Makefile         | make -f - am--depfiles
make: Nothing to be done for 'am--depfiles'.
config.status:1509: $? = 0
config.status:1504: cd vector       && sed -e '/# am--include-marker/d' Makefile         | make -f - am--depfiles
make: Nothing to be done for 'am--depfiles'.
config.status:1509: $? = 0
config.status:1504: cd wavelet       && sed -e '/# am--include-marker/d' Makefile         | make -f - am--depfiles
make: Nothing to be done for 'am--depfiles'.
config.status:1509: $? = 0
config.status:1427: executing libtool commands

## ---------------- ##
## Cache variables. ##
## ---------------- ##

ac_cv_build=x86_64-unknown-linux-gnu
ac_cv_c_c99inline=yes
ac_cv_c_char_unsigned=no
ac_cv_c_compiler_gnu=yes
ac_cv_c_extended_fp=yes
ac_cv_c_extern_inline=no
ac_cv_c_fpu_setcw=no
ac_cv_c_ieee_comparisons=no
ac_cv_c_ieee_denormals=no
ac_cv_c_ieee_flags=none
ac_cv_c_ieee_interface=unknown
ac_cv_c_inline=inline
ac_cv_c_undeclared_builtin_options='none needed'
ac_cv_c_volatile=yes
ac_cv_decl_exit_success_and_failure=yes
ac_cv_env_CC_set=set
ac_cv_env_CC_value=/home/alexis/emsdk/upstream/emscripten/emcc
ac_cv_env_CFLAGS_set=
ac_cv_env_CFLAGS_value=
ac_cv_env_CPPFLAGS_set=
ac_cv_env_CPPFLAGS_value=
ac_cv_env_CPP_set=
ac_cv_env_CPP_value=
ac_cv_env_LDFLAGS_set=
ac_cv_env_LDFLAGS_value=
ac_cv_env_LIBS_set=
ac_cv_env_LIBS_value=
ac_cv_env_LT_SYS_LIBRARY_PATH_set=
ac_cv_env_LT_SYS_LIBRARY_PATH_value=
ac_cv_env_build_alias_set=
ac_cv_env_build_alias_value=
ac_cv_env_host_alias_set=
ac_cv_env_host_alias_value=
ac_cv_env_target_alias_set=
ac_cv_env_target_alias_value=
ac_cv_func_memcpy=yes
ac_cv_func_memmove=yes
ac_cv_func_printf_longdouble=yes
ac_cv_func_strdup=yes
ac_cv_func_strtol=yes
ac_cv_func_strtoul=yes
ac_cv_func_vprintf=yes
ac_cv_have_decl_acosh=yes
ac_cv_have_decl_asinh=yes
ac_cv_have_decl_atanh=yes
ac_cv_have_decl_expm1=yes
ac_cv_have_decl_feenableexcept=no
ac_cv_have_decl_fesettrapenable=no
ac_cv_have_decl_finite=yes
ac_cv_have_decl_fprnd_t=no
ac_cv_have_decl_frexp=yes
ac_cv_have_decl_hypot=yes
ac_cv_have_decl_isfinite=yes
ac_cv_have_decl_isinf=yes
ac_cv_have_decl_isnan=yes
ac_cv_have_decl_ldexp=yes
ac_cv_have_decl_log1p=yes
ac_cv_header_complex_h=yes
ac_cv_header_dlfcn_h=yes
ac_cv_header_ieeefp_h=no
ac_cv_header_inttypes_h=yes
ac_cv_header_stdint_h=yes
ac_cv_header_stdio_h=yes
ac_cv_header_stdlib_h=yes
ac_cv_header_string_h=yes
ac_cv_header_strings_h=yes
ac_cv_header_sys_stat_h=yes
ac_cv_header_sys_types_h=yes
ac_cv_header_unistd_h=yes
ac_cv_host=x86_64-unknown-linux-gnu
ac_cv_lib_m_cos=yes
ac_cv_objext=o
ac_cv_path_EGREP='/usr/bin/grep -E'
ac_cv_path_FGREP='/usr/bin/grep -F'
ac_cv_path_GREP=/usr/bin/grep
ac_cv_path_SED=/usr/bin/sed
ac_cv_path_install='/usr/bin/install -c'
ac_cv_path_lt_DD=/usr/bin/dd
ac_cv_path_mkdir=/usr/bin/mkdir
ac_cv_prog_AWK=mawk
ac_cv_prog_CPP='/home/alexis/emsdk/upstream/emscripten/emcc -E'
ac_cv_prog_ac_ct_CC=/home/alexis/emsdk/upstream/emscripten/emcc
ac_cv_prog_ac_ct_MANIFEST_TOOL=mt
ac_cv_prog_ac_ct_OBJDUMP=objdump
ac_cv_prog_ac_ct_RANLIB=/home/alexis/emsdk/upstream/emscripten/emranlib
ac_cv_prog_ac_ct_STRIP=strip
ac_cv_prog_cc_c11=
ac_cv_prog_cc_g=yes
ac_cv_prog_cc_stdc=
ac_cv_prog_make_make_set=yes
ac_cv_type_size_t=yes
am_cv_CC_dependencies_compiler_type=gcc3
am_cv_make_support_nested_variables=yes
am_cv_prog_cc_c_o=yes
lt_cv_ar_at_file=@
lt_cv_archive_cmds_need_lc=yes
lt_cv_deplibs_check_method=pass_all
lt_cv_file_magic_cmd='$MAGIC_CMD'
lt_cv_file_magic_test_file=
lt_cv_ld_reload_flag=-r
lt_cv_nm_interface='BSD nm'
lt_cv_objdir=.libs
lt_cv_path_LD=/home/alexis/emsdk/upstream/emscripten/emcc
lt_cv_path_NM=/home/alexis/emsdk/upstream/bin/llvm-nm
lt_cv_path_mainfest_tool=no
lt_cv_prog_compiler_c_o=yes
lt_cv_prog_compiler_pic='-fPIC -DPIC'
lt_cv_prog_compiler_pic_works=yes
lt_cv_prog_compiler_rtti_exceptions=yes
lt_cv_prog_compiler_static_works=yes
lt_cv_prog_gnu_ld=yes
lt_cv_sharedlib_from_linklib_cmd='printf %s\n'
lt_cv_shlibpath_overrides_runpath=no
lt_cv_sys_global_symbol_pipe='sed -n -e '\''s/^.*[	 ]\([ABCDGIRSTW][ABCDGIRSTW]*\)[	 ][	 ]*\([_A-Za-z][_A-Za-z0-9]*\)$/\1 \2 \2/p'\'' | sed '\''/ __gnu_lto/d'\'''
lt_cv_sys_global_symbol_to_c_name_address='sed -n -e '\''s/^: \(.*\) .*$/  {"\1", (void *) 0},/p'\'' -e '\''s/^[ABCDGIRSTW][ABCDGIRSTW]* .* \(.*\)$/  {"\1", (void *) \&\1},/p'\'''
lt_cv_sys_global_symbol_to_c_name_address_lib_prefix='sed -n -e '\''s/^: \(.*\) .*$/  {"\1", (void *) 0},/p'\'' -e '\''s/^[ABCDGIRSTW][ABCDGIRSTW]* .* \(lib.*\)$/  {"\1", (void *) \&\1},/p'\'' -e '\''s/^[ABCDGIRSTW][ABCDGIRSTW]* .* \(.*\)$/  {"lib\1", (void *) \&\1},/p'\'''
lt_cv_sys_global_symbol_to_cdecl='sed -n -e '\''s/^T .* \(.*\)$/extern int \1();/p'\'' -e '\''s/^[ABCDGIRSTW][ABCDGIRSTW]* .* \(.*\)$/extern char \1;/p'\'''
lt_cv_sys_global_symbol_to_import=
lt_cv_sys_max_cmd_len=1572864
lt_cv_to_host_file_cmd=func_convert_file_noop
lt_cv_to_tool_file_cmd=func_convert_file_noop
lt_cv_truncate_bin='/usr/bin/dd bs=4096 count=1'

## ----------------- ##
## Output variables. ##
## ----------------- ##

ACLOCAL='${SHELL} '\''/home/alexis/Desktop/CPart/neural_network/gsl-2.7.1/missing'\'' aclocal-1.16'
AMDEPBACKSLASH='\'
AMDEP_FALSE='#'
AMDEP_TRUE=''
AMTAR='$${TAR-tar}'
AM_BACKSLASH='\'
AM_DEFAULT_V='$(AM_DEFAULT_VERBOSITY)'
AM_DEFAULT_VERBOSITY='1'
AM_V='$(V)'
AR='/home/alexis/emsdk/upstream/emscripten/emar'
AS='as'
AUTOCONF='${SHELL} '\''/home/alexis/Desktop/CPart/neural_network/gsl-2.7.1/missing'\'' autoconf'
AUTOHEADER='${SHELL} '\''/home/alexis/Desktop/CPart/neural_network/gsl-2.7.1/missing'\'' autoheader'
AUTOMAKE='${SHELL} '\''/home/alexis/Desktop/CPart/neural_network/gsl-2.7.1/missing'\'' automake-1.16'
AWK='mawk'
CC='/home/alexis/emsdk/upstream/emscripten/emcc'
CCDEPMODE='depmode=gcc3'
CFLAGS='-g -O2'
CPP='/home/alexis/emsdk/upstream/emscripten/emcc -E'
CPPFLAGS=''
CYGPATH_W='echo'
DEFS='-DHAVE_CONFIG_H'
DEPDIR='.deps'
DLLTOOL='false'
DSYMUTIL=''
DUMPBIN=''
ECHO_C=''
ECHO_N='-n'
ECHO_T=''
EGREP='/usr/bin/grep -E'
EXEEXT=''
FGREP='/usr/bin/grep -F'
GREP='/usr/bin/grep'
GSLCBLAS_LDFLAGS=''
GSL_CFLAGS='-I${prefix}/include'
GSL_LDFLAGS=''
GSL_LIBADD=''
GSL_LIBM='-lm'
GSL_LIBS='-L${exec_prefix}/lib -lgsl'
GSL_LT_CBLAS_VERSION='0:0:0'
GSL_LT_VERSION='27:0:0'
GSL_MAJOR_VERSION='2'
GSL_MINOR_VERSION='7'
HAVE_AIX_IEEE_INTERFACE=''
HAVE_DARWIN86_IEEE_INTERFACE=''
HAVE_DARWIN_IEEE_INTERFACE=''
HAVE_FREEBSD_IEEE_INTERFACE=''
HAVE_GNUM68K_IEEE_INTERFACE=''
HAVE_GNUPPC_IEEE_INTERFACE=''
HAVE_GNUSPARC_IEEE_INTERFACE=''
HAVE_GNUX86_IEEE_INTERFACE=''
HAVE_HPUX11_IEEE_INTERFACE=''
HAVE_HPUX_IEEE_INTERFACE=''
HAVE_IRIX_IEEE_INTERFACE=''
HAVE_NETBSD_IEEE_INTERFACE=''
HAVE_OPENBSD_IEEE_INTERFACE=''
HAVE_OS2EMX_IEEE_INTERFACE=''
HAVE_SOLARIS_IEEE_INTERFACE=''
HAVE_SUNOS4_IEEE_INTERFACE=''
HAVE_TRU64_IEEE_INTERFACE=''
INSTALL_DATA='${INSTALL} -m 644'
INSTALL_PROGRAM='${INSTALL}'
INSTALL_SCRIPT='${INSTALL}'
INSTALL_STRIP_PROGRAM='$(install_sh) -c -s'
LD='/home/alexis/emsdk/upstream/emscripten/emcc'
LDFLAGS=''
LIBM='-lm'
LIBOBJS=''
LIBS='-lm '
LIBTOOL='$(SHELL) $(top_builddir)/libtool'
LIPO=''
LN_S='ln -s'
LTLIBOBJS=''
LT_SYS_LIBRARY_PATH=''
MAINT='#'
MAINTAINER_MODE_FALSE=''
MAINTAINER_MODE_TRUE='#'
MAKEINFO='${SHELL} '\''/home/alexis/Desktop/CPart/neural_network/gsl-2.7.1/missing'\'' makeinfo'
MANIFEST_TOOL=':'
MKDIR_P='/usr/bin/mkdir -p'
NM='/home/alexis/emsdk/upstream/bin/llvm-nm'
NMEDIT=''
OBJDUMP='objdump'
OBJEXT='o'
OTOOL64=''
OTOOL=''
PACKAGE='gsl'
PACKAGE_BUGREPORT=''
PACKAGE_NAME='gsl'
PACKAGE_STRING='gsl 2.7.1'
PACKAGE_TARNAME='gsl'
PACKAGE_URL=''
PACKAGE_VERSION='2.7.1'
PATH_SEPARATOR=':'
RANLIB='/home/alexis/emsdk/upstream/emscripten/emranlib'
SED='/usr/bin/sed'
SET_MAKE=''
SHELL='/bin/bash'
STRIP='strip'
VERSION='2.7.1'
ac_ct_AR=''
ac_ct_CC='/home/alexis/emsdk/upstream/emscripten/emcc'
ac_ct_DUMPBIN=''
am__EXEEXT_FALSE=''
am__EXEEXT_TRUE='#'
am__fastdepCC_FALSE='#'
am__fastdepCC_TRUE=''
am__include='include'
am__isrc=''
am__leading_dot='.'
am__nodep='_no'
am__quote=''
am__tar='$${TAR-tar} chof - "$$tardir"'
am__untar='$${TAR-tar} xf -'
bindir='${exec_prefix}/bin'
build='x86_64-unknown-linux-gnu'
build_alias=''
build_cpu='x86_64'
build_os='linux-gnu'
build_vendor='unknown'
datadir='${datarootdir}'
datarootdir='${prefix}/share'
docdir='${datarootdir}/doc/${PACKAGE_TARNAME}'
dvidir='${docdir}'
exec_prefix='${prefix}'
host='x86_64-unknown-linux-gnu'
host_alias=''
host_cpu='x86_64'
host_os='linux-gnu'
host_vendor='unknown'
htmldir='${docdir}'
includedir='${prefix}/include'
infodir='${datarootdir}/info'
install_sh='${SHELL} /home/alexis/Desktop/CPart/neural_network/gsl-2.7.1/install-sh'
libdir='${exec_prefix}/lib'
libexecdir='${exec_prefix}/libexec'
localedir='${datarootdir}/locale'
localstatedir='${prefix}/var'
mandir='${datarootdir}/man'
mkdir_p='$(MKDIR_P)'
oldincludedir='/usr/include'
pdfdir='${docdir}'
prefix='/usr/local'
program_transform_name='s,x,x,'
psdir='${docdir}'
runstatedir='${localstatedir}/run'
sbindir='${exec_prefix}/sbin'
sharedstatedir='${prefix}/com'
sysconfdir='${prefix}/etc'
target_alias=''

## ----------- ##
## confdefs.h. ##
## ----------- ##

/* confdefs.h */
#define PACKAGE_NAME "gsl"
#define PACKAGE_TARNAME "gsl"
#define PACKAGE_VERSION "2.7.1"
#define PACKAGE_STRING "gsl 2.7.1"
#define PACKAGE_BUGREPORT ""
#define PACKAGE_URL ""
#define PACKAGE "gsl"
#define VERSION "2.7.1"
#define RELEASED /**/
#define HAVE_STDIO_H 1
#define HAVE_STDLIB_H 1
#define HAVE_STRING_H 1
#define HAVE_INTTYPES_H 1
#define HAVE_STDINT_H 1
#define HAVE_STRINGS_H 1
#define HAVE_SYS_STAT_H 1
#define HAVE_SYS_TYPES_H 1
#define HAVE_UNISTD_H 1
#define STDC_HEADERS 1
#define HAVE_DLFCN_H 1
#define LT_OBJDIR ".libs/"
#define HAVE_INLINE 1
#define HAVE_C99_INLINE 1
#define HAVE_COMPLEX_H 1
#define HAVE_VPRINTF 1
#define HAVE_MEMCPY 1
#define HAVE_MEMMOVE 1
#define HAVE_STRDUP 1
#define HAVE_STRTOL 1
#define HAVE_STRTOUL 1
#define HAVE_EXIT_SUCCESS_AND_FAILURE 1
#define HAVE_LIBM 1
#define HAVE_DECL_FEENABLEEXCEPT 0
#define HAVE_DECL_FESETTRAPENABLE 0
#define HAVE_DECL_HYPOT 1
#define HAVE_DECL_EXPM1 1
#define HAVE_DECL_ACOSH 1
#define HAVE_DECL_ASINH 1
#define HAVE_DECL_ATANH 1
#define HAVE_DECL_LDEXP 1
#define HAVE_DECL_FREXP 1
#define HAVE_DECL_FPRND_T 0
#define HAVE_DECL_ISINF 1
#define HAVE_DECL_ISFINITE 1
#define HAVE_DECL_FINITE 1
#define HAVE_DECL_ISNAN 1
#define HAVE_DECL_LOG1P 1
#define HAVE_PRINTF_LONGDOUBLE 1
#define HAVE_EXTENDED_PRECISION_REGISTERS 1
#define HAVE_UNKNOWN_IEEE_INTERFACE 1

configure: exit 0
